Using cuda device
====================================================================================================
Layer (type:depth-idx)                             Output Shape              Param #
====================================================================================================
MobileNetV3                                        [128, 576, 1, 1]          1,615,848
├─Sequential: 1-1                                  [128, 576, 8, 8]          --
│    └─Conv2dNormActivation: 2-1                   [128, 16, 128, 128]       --
│    │    └─Conv2d: 3-1                            [128, 16, 128, 128]       432
│    │    └─BatchNorm2d: 3-2                       [128, 16, 128, 128]       32
│    │    └─Hardswish: 3-3                         [128, 16, 128, 128]       --
│    └─InvertedResidual: 2-2                       [128, 16, 64, 64]         --
│    │    └─Sequential: 3-4                        [128, 16, 64, 64]         744
│    └─InvertedResidual: 2-3                       [128, 24, 32, 32]         --
│    │    └─Sequential: 3-5                        [128, 24, 32, 32]         3,864
│    └─InvertedResidual: 2-4                       [128, 24, 32, 32]         --
│    │    └─Sequential: 3-6                        [128, 24, 32, 32]         5,416
│    └─InvertedResidual: 2-5                       [128, 40, 16, 16]         --
│    │    └─Sequential: 3-7                        [128, 40, 16, 16]         13,736
│    └─InvertedResidual: 2-6                       [128, 40, 16, 16]         --
│    │    └─Sequential: 3-8                        [128, 40, 16, 16]         57,264
│    └─InvertedResidual: 2-7                       [128, 40, 16, 16]         --
│    │    └─Sequential: 3-9                        [128, 40, 16, 16]         57,264
│    └─InvertedResidual: 2-8                       [128, 48, 16, 16]         --
│    │    └─Sequential: 3-10                       [128, 48, 16, 16]         21,968
│    └─InvertedResidual: 2-9                       [128, 48, 16, 16]         --
│    │    └─Sequential: 3-11                       [128, 48, 16, 16]         29,800
│    └─InvertedResidual: 2-10                      [128, 96, 8, 8]           --
│    │    └─Sequential: 3-12                       [128, 96, 8, 8]           91,848
│    └─InvertedResidual: 2-11                      [128, 96, 8, 8]           --
│    │    └─Sequential: 3-13                       [128, 96, 8, 8]           294,096
│    └─InvertedResidual: 2-12                      [128, 96, 8, 8]           --
│    │    └─Sequential: 3-14                       [128, 96, 8, 8]           294,096
│    └─Conv2dNormActivation: 2-13                  [128, 576, 8, 8]          --
│    │    └─Conv2d: 3-15                           [128, 576, 8, 8]          55,296
│    │    └─BatchNorm2d: 3-16                      [128, 576, 8, 8]          1,152
│    │    └─Hardswish: 3-17                        [128, 576, 8, 8]          --
├─AdaptiveAvgPool2d: 1-2                           [128, 576, 1, 1]          --
====================================================================================================
Total params: 2,542,856
Trainable params: 2,542,856
Non-trainable params: 0
Total mult-adds (G): 9.16
====================================================================================================
Input size (MB): 100.66
Forward/backward pass size (MB): 3782.03
Params size (MB): 3.71
Estimated Total Size (MB): 3886.40
====================================================================================================
Training mobilenet on F_dataset with lr=0.0005
Epoch [   1/  50]  |  Train Loss: 0.98680  |  Validation Loss: 0.97092
Epoch [   2/  50]  |  Train Loss: 0.94485  |  Validation Loss: 0.97342
Epoch [   3/  50]  |  Train Loss: 0.89348  |  Validation Loss: 0.95665
Epoch [   4/  50]  |  Train Loss: 0.81061  |  Validation Loss: 0.85796
Epoch [   5/  50]  |  Train Loss: 0.73417  |  Validation Loss: 0.72356
Epoch [   6/  50]  |  Train Loss: 0.60194  |  Validation Loss: 0.56489
Epoch [   7/  50]  |  Train Loss: 0.48622  |  Validation Loss: 0.31625
Epoch [   8/  50]  |  Train Loss: 0.42085  |  Validation Loss: 0.46461
Epoch [   9/  50]  |  Train Loss: 0.32189  |  Validation Loss: 0.46411
Epoch [  10/  50]  |  Train Loss: 0.26587  |  Validation Loss: 0.55281
========== Losses ==========
D:   1.0041  |  ND:   1.4274
D:   1.4819  |  ND:   1.4086
D:   1.1115  |  ND:   1.3366
D:   1.0793  |  ND:   1.7205
D:   0.8634  |  ND:   1.6078
D:   1.0487  |  ND:   1.5109
D:   1.0271  |  ND:   1.4111
D:   1.1839  |  ND:   1.4459
D:   0.9785  |  ND:   1.5003
D:   1.1335  |  ND:   1.3905

======== More stats ========
Accuracy:             90.00%
----------- Mean -----------
D:   1.0912  |  ND:   1.4760
