Using cuda device
====================================================================================================
Layer (type:depth-idx)                             Output Shape              Param #
====================================================================================================
MobileNetV3                                        [128, 576, 1, 1]          1,615,848
├─Sequential: 1-1                                  [128, 576, 8, 8]          --
│    └─Conv2dNormActivation: 2-1                   [128, 16, 128, 128]       --
│    │    └─Conv2d: 3-1                            [128, 16, 128, 128]       432
│    │    └─BatchNorm2d: 3-2                       [128, 16, 128, 128]       32
│    │    └─Hardswish: 3-3                         [128, 16, 128, 128]       --
│    └─InvertedResidual: 2-2                       [128, 16, 64, 64]         --
│    │    └─Sequential: 3-4                        [128, 16, 64, 64]         744
│    └─InvertedResidual: 2-3                       [128, 24, 32, 32]         --
│    │    └─Sequential: 3-5                        [128, 24, 32, 32]         3,864
│    └─InvertedResidual: 2-4                       [128, 24, 32, 32]         --
│    │    └─Sequential: 3-6                        [128, 24, 32, 32]         5,416
│    └─InvertedResidual: 2-5                       [128, 40, 16, 16]         --
│    │    └─Sequential: 3-7                        [128, 40, 16, 16]         13,736
│    └─InvertedResidual: 2-6                       [128, 40, 16, 16]         --
│    │    └─Sequential: 3-8                        [128, 40, 16, 16]         57,264
│    └─InvertedResidual: 2-7                       [128, 40, 16, 16]         --
│    │    └─Sequential: 3-9                        [128, 40, 16, 16]         57,264
│    └─InvertedResidual: 2-8                       [128, 48, 16, 16]         --
│    │    └─Sequential: 3-10                       [128, 48, 16, 16]         21,968
│    └─InvertedResidual: 2-9                       [128, 48, 16, 16]         --
│    │    └─Sequential: 3-11                       [128, 48, 16, 16]         29,800
│    └─InvertedResidual: 2-10                      [128, 96, 8, 8]           --
│    │    └─Sequential: 3-12                       [128, 96, 8, 8]           91,848
│    └─InvertedResidual: 2-11                      [128, 96, 8, 8]           --
│    │    └─Sequential: 3-13                       [128, 96, 8, 8]           294,096
│    └─InvertedResidual: 2-12                      [128, 96, 8, 8]           --
│    │    └─Sequential: 3-14                       [128, 96, 8, 8]           294,096
│    └─Conv2dNormActivation: 2-13                  [128, 576, 8, 8]          --
│    │    └─Conv2d: 3-15                           [128, 576, 8, 8]          55,296
│    │    └─BatchNorm2d: 3-16                      [128, 576, 8, 8]          1,152
│    │    └─Hardswish: 3-17                        [128, 576, 8, 8]          --
├─AdaptiveAvgPool2d: 1-2                           [128, 576, 1, 1]          --
====================================================================================================
Total params: 2,542,856
Trainable params: 2,542,856
Non-trainable params: 0
Total mult-adds (G): 9.16
====================================================================================================
Input size (MB): 100.66
Forward/backward pass size (MB): 3782.03
Params size (MB): 3.71
Estimated Total Size (MB): 3886.40
====================================================================================================
Training mobilenet on M_dataset with lr=0.0005
Epoch [   1/  50]  |  Train Loss: 0.96770  |  Validation Loss: 0.98726
Epoch [   2/  50]  |  Train Loss: 0.87558  |  Validation Loss: 0.93194
Epoch [   3/  50]  |  Train Loss: 0.78183  |  Validation Loss: 0.69439
Epoch [   4/  50]  |  Train Loss: 0.64885  |  Validation Loss: 0.42653
Epoch [   5/  50]  |  Train Loss: 0.55985  |  Validation Loss: 0.30891
Epoch [   6/  50]  |  Train Loss: 0.45895  |  Validation Loss: 0.21613
Epoch [   7/  50]  |  Train Loss: 0.44412  |  Validation Loss: 0.25150
Epoch [   8/  50]  |  Train Loss: 0.34847  |  Validation Loss: 0.25670
Epoch [   9/  50]  |  Train Loss: 0.26833  |  Validation Loss: 0.36295
Epoch [  10/  50]  |  Train Loss: 0.26279  |  Validation Loss: 0.42586
Epoch [  11/  50]  |  Train Loss: 0.21223  |  Validation Loss: 0.78696
========== Losses ==========
D:   1.1817  |  ND:   1.5626
D:   1.3606  |  ND:   1.6058
D:   1.1596  |  ND:   1.4305
D:   1.1266  |  ND:   1.6298
D:   1.1211  |  ND:   1.6414
D:   1.3470  |  ND:   1.5221
D:   1.1723  |  ND:   1.4684
D:   1.1385  |  ND:   1.5073
D:   1.1590  |  ND:   1.6761
D:   1.3568  |  ND:   1.4588

======== More stats ========
Accuracy:            100.00%
----------- Mean -----------
D:   1.2123  |  ND:   1.5503
